<?xml version="1.0" encoding="UTF-8"?>
<!-- Generated by org.testng.reporters.JUnitReportReporter -->
<testsuite skipped="0" hostname="DESKTOP-6SIT974" name="TestNG.TestNG1" tests="1" failures="0" timestamp="2022-02-28T21:09:04 IST" time="0.017" errors="0">
  <testcase name="f" time="0.017" classname="TestNG.TestNG1"/>
  <system-out/>
</testsuite> <!-- TestNG.TestNG1 -->
