<?xml version="1.0" encoding="UTF-8"?>
<!-- Generated by org.testng.reporters.JUnitReportReporter -->
<testsuite hostname="DESKTOP-6SIT974" failures="0" tests="1" name="TestNG.NewTestNG1" time="0.013" errors="0" timestamp="2022-02-02T13:34:48 IST" skipped="0">
  <testcase classname="TestNG.NewTestNG1" name="f" time="0.013"/>
  <system-out/>
</testsuite> <!-- TestNG.NewTestNG1 -->
